2017-04-05 16:33:42,464 STREAM b'IHDR' 16 13
2017-04-05 16:33:42,464 STREAM b'IDAT' 41 8192
2017-04-05 16:33:42,501 STREAM b'IHDR' 16 13
2017-04-05 16:33:42,501 STREAM b'sRGB' 41 1
2017-04-05 16:33:42,501 b'sRGB' 41 1 (unknown)
2017-04-05 16:33:42,501 STREAM b'gAMA' 54 4
2017-04-05 16:33:42,501 STREAM b'PLTE' 70 768
2017-04-05 16:33:42,502 STREAM b'tRNS' 850 256
2017-04-05 16:33:42,502 STREAM b'pHYs' 1118 9
2017-04-05 16:33:42,502 STREAM b'tEXt' 1139 35
2017-04-05 16:33:42,502 STREAM b'tIME' 1186 7
2017-04-05 16:33:42,502 b'tIME' 1186 7 (unknown)
2017-04-05 16:33:42,502 STREAM b'tEXt' 1205 25
2017-04-05 16:33:42,502 STREAM b'IDAT' 1242 64294
2017-04-05 16:33:47,219 STREAM b'IHDR' 16 13
2017-04-05 16:33:47,220 STREAM b'sRGB' 41 1
2017-04-05 16:33:47,220 b'sRGB' 41 1 (unknown)
2017-04-05 16:33:47,220 STREAM b'gAMA' 54 4
2017-04-05 16:33:47,220 STREAM b'PLTE' 70 768
2017-04-05 16:33:47,220 STREAM b'tRNS' 850 256
2017-04-05 16:33:47,220 STREAM b'pHYs' 1118 9
2017-04-05 16:33:47,220 STREAM b'tEXt' 1139 35
2017-04-05 16:33:47,220 STREAM b'tIME' 1186 7
2017-04-05 16:33:47,220 b'tIME' 1186 7 (unknown)
2017-04-05 16:33:47,220 STREAM b'tEXt' 1205 25
2017-04-05 16:33:47,220 STREAM b'IDAT' 1242 64294
2017-04-05 16:33:47,239 STREAM b'IHDR' 16 13
2017-04-05 16:33:47,239 STREAM b'sRGB' 41 1
2017-04-05 16:33:47,239 b'sRGB' 41 1 (unknown)
2017-04-05 16:33:47,240 STREAM b'gAMA' 54 4
2017-04-05 16:33:47,240 STREAM b'pHYs' 70 9
2017-04-05 16:33:47,240 STREAM b'IDAT' 91 65445
2017-04-05 16:33:51,790 Current itr.: 0
2017-04-05 16:33:52,469 Result in 0 is: -7.0
2017-04-05 16:33:52,858 Result in 1 is: -5.0
2017-04-05 16:33:55,227 Result in 2 is: -13.0
2017-04-05 16:33:55,319 Result in 3 is: 2.0
2017-04-05 16:33:55,972 Result in 4 is: -16.0
2017-04-05 16:33:57,045 Result in 5 is: -10.0
2017-04-05 16:33:57,301 Result in 6 is: -3.0
2017-04-05 16:33:58,551 Result in 7 is: -13.0
2017-04-05 16:34:00,181 Result in 8 is: -24.0
2017-04-05 16:34:00,682 Result in 9 is: -8.0
2017-04-05 16:34:01,275 Result in 10 is: -5.0
2017-04-05 16:34:03,819 Result in 11 is: 14.0
2017-04-05 16:34:05,901 Result in 12 is: -43.0
2017-04-05 16:34:08,809 Result in 13 is: 9.0
2017-04-05 16:48:44,448 STREAM b'IHDR' 16 13
2017-04-05 16:48:44,449 STREAM b'sRGB' 41 1
2017-04-05 16:48:44,449 b'sRGB' 41 1 (unknown)
2017-04-05 16:48:44,449 STREAM b'gAMA' 54 4
2017-04-05 16:48:44,449 STREAM b'PLTE' 70 768
2017-04-05 16:48:44,449 STREAM b'tRNS' 850 256
2017-04-05 16:48:44,449 STREAM b'pHYs' 1118 9
2017-04-05 16:48:44,449 STREAM b'tEXt' 1139 35
2017-04-05 16:48:44,449 STREAM b'tIME' 1186 7
2017-04-05 16:48:44,449 b'tIME' 1186 7 (unknown)
2017-04-05 16:48:44,449 STREAM b'tEXt' 1205 25
2017-04-05 16:48:44,449 STREAM b'IDAT' 1242 64294
2017-04-05 16:48:44,472 STREAM b'IHDR' 16 13
2017-04-05 16:48:44,472 STREAM b'sRGB' 41 1
2017-04-05 16:48:44,472 b'sRGB' 41 1 (unknown)
2017-04-05 16:48:44,473 STREAM b'gAMA' 54 4
2017-04-05 16:48:44,473 STREAM b'pHYs' 70 9
2017-04-05 16:48:44,473 STREAM b'IDAT' 91 65445
2017-04-05 16:48:49,314 STREAM b'IHDR' 16 13
2017-04-05 16:48:49,314 STREAM b'sRGB' 41 1
2017-04-05 16:48:49,314 b'sRGB' 41 1 (unknown)
2017-04-05 16:48:49,315 STREAM b'gAMA' 54 4
2017-04-05 16:48:49,315 STREAM b'PLTE' 70 768
2017-04-05 16:48:49,315 STREAM b'tRNS' 850 256
2017-04-05 16:48:49,315 STREAM b'pHYs' 1118 9
2017-04-05 16:48:49,315 STREAM b'tEXt' 1139 35
2017-04-05 16:48:49,315 STREAM b'tIME' 1186 7
2017-04-05 16:48:49,315 b'tIME' 1186 7 (unknown)
2017-04-05 16:48:49,315 STREAM b'tEXt' 1205 25
2017-04-05 16:48:49,315 STREAM b'IDAT' 1242 64294
2017-04-05 16:48:49,337 STREAM b'IHDR' 16 13
2017-04-05 16:48:49,337 STREAM b'sRGB' 41 1
2017-04-05 16:48:49,337 b'sRGB' 41 1 (unknown)
2017-04-05 16:48:49,337 STREAM b'gAMA' 54 4
2017-04-05 16:48:49,337 STREAM b'pHYs' 70 9
2017-04-05 16:48:49,338 STREAM b'IDAT' 91 65445
2017-04-05 16:55:49,784 STREAM b'IHDR' 16 13
2017-04-05 16:55:49,784 STREAM b'sRGB' 41 1
2017-04-05 16:55:49,784 b'sRGB' 41 1 (unknown)
2017-04-05 16:55:49,784 STREAM b'gAMA' 54 4
2017-04-05 16:55:49,784 STREAM b'PLTE' 70 768
2017-04-05 16:55:49,784 STREAM b'tRNS' 850 256
2017-04-05 16:55:49,784 STREAM b'pHYs' 1118 9
2017-04-05 16:55:49,785 STREAM b'tEXt' 1139 35
2017-04-05 16:55:49,785 STREAM b'tIME' 1186 7
2017-04-05 16:55:49,785 b'tIME' 1186 7 (unknown)
2017-04-05 16:55:49,785 STREAM b'tEXt' 1205 25
2017-04-05 16:55:49,785 STREAM b'IDAT' 1242 64294
2017-04-05 16:55:49,812 STREAM b'IHDR' 16 13
2017-04-05 16:55:49,812 STREAM b'sRGB' 41 1
2017-04-05 16:55:49,812 b'sRGB' 41 1 (unknown)
2017-04-05 16:55:49,812 STREAM b'gAMA' 54 4
2017-04-05 16:55:49,812 STREAM b'pHYs' 70 9
2017-04-05 16:55:49,812 STREAM b'IDAT' 91 65445
2017-04-05 16:55:54,856 STREAM b'IHDR' 16 13
2017-04-05 16:55:54,857 STREAM b'sRGB' 41 1
2017-04-05 16:55:54,857 b'sRGB' 41 1 (unknown)
2017-04-05 16:55:54,857 STREAM b'gAMA' 54 4
2017-04-05 16:55:54,857 STREAM b'PLTE' 70 768
2017-04-05 16:55:54,857 STREAM b'tRNS' 850 256
2017-04-05 16:55:54,857 STREAM b'pHYs' 1118 9
2017-04-05 16:55:54,857 STREAM b'tEXt' 1139 35
2017-04-05 16:55:54,858 STREAM b'tIME' 1186 7
2017-04-05 16:55:54,858 b'tIME' 1186 7 (unknown)
2017-04-05 16:55:54,858 STREAM b'tEXt' 1205 25
2017-04-05 16:55:54,858 STREAM b'IDAT' 1242 64294
2017-04-05 16:55:54,881 STREAM b'IHDR' 16 13
2017-04-05 16:55:54,881 STREAM b'sRGB' 41 1
2017-04-05 16:55:54,881 b'sRGB' 41 1 (unknown)
2017-04-05 16:55:54,881 STREAM b'gAMA' 54 4
2017-04-05 16:55:54,881 STREAM b'pHYs' 70 9
2017-04-05 16:55:54,881 STREAM b'IDAT' 91 65445
2017-04-05 16:56:57,633 STREAM b'IHDR' 16 13
2017-04-05 16:56:57,633 STREAM b'IDAT' 41 8192
2017-04-05 16:56:57,663 STREAM b'IHDR' 16 13
2017-04-05 16:56:57,663 STREAM b'sRGB' 41 1
2017-04-05 16:56:57,664 b'sRGB' 41 1 (unknown)
2017-04-05 16:56:57,664 STREAM b'gAMA' 54 4
2017-04-05 16:56:57,664 STREAM b'PLTE' 70 768
2017-04-05 16:56:57,664 STREAM b'tRNS' 850 256
2017-04-05 16:56:57,664 STREAM b'pHYs' 1118 9
2017-04-05 16:56:57,664 STREAM b'tEXt' 1139 35
2017-04-05 16:56:57,664 STREAM b'tIME' 1186 7
2017-04-05 16:56:57,664 b'tIME' 1186 7 (unknown)
2017-04-05 16:56:57,664 STREAM b'tEXt' 1205 25
2017-04-05 16:56:57,664 STREAM b'IDAT' 1242 64294
2017-04-05 16:57:02,848 STREAM b'IHDR' 16 13
2017-04-05 16:57:02,849 STREAM b'IDAT' 41 8192
2017-04-05 16:57:02,871 STREAM b'IHDR' 16 13
2017-04-05 16:57:02,871 STREAM b'sRGB' 41 1
2017-04-05 16:57:02,871 b'sRGB' 41 1 (unknown)
2017-04-05 16:57:02,871 STREAM b'gAMA' 54 4
2017-04-05 16:57:02,871 STREAM b'PLTE' 70 768
2017-04-05 16:57:02,871 STREAM b'tRNS' 850 256
2017-04-05 16:57:02,871 STREAM b'pHYs' 1118 9
2017-04-05 16:57:02,871 STREAM b'tEXt' 1139 35
2017-04-05 16:57:02,872 STREAM b'tIME' 1186 7
2017-04-05 16:57:02,872 b'tIME' 1186 7 (unknown)
2017-04-05 16:57:02,872 STREAM b'tEXt' 1205 25
2017-04-05 16:57:02,872 STREAM b'IDAT' 1242 64294
2017-04-05 16:59:52,974 STREAM b'IHDR' 16 13
2017-04-05 16:59:52,975 STREAM b'sRGB' 41 1
2017-04-05 16:59:52,975 b'sRGB' 41 1 (unknown)
2017-04-05 16:59:52,975 STREAM b'gAMA' 54 4
2017-04-05 16:59:52,975 STREAM b'PLTE' 70 768
2017-04-05 16:59:52,975 STREAM b'tRNS' 850 256
2017-04-05 16:59:52,975 STREAM b'pHYs' 1118 9
2017-04-05 16:59:52,975 STREAM b'tEXt' 1139 35
2017-04-05 16:59:52,975 STREAM b'tIME' 1186 7
2017-04-05 16:59:52,975 b'tIME' 1186 7 (unknown)
2017-04-05 16:59:52,975 STREAM b'tEXt' 1205 25
2017-04-05 16:59:52,976 STREAM b'IDAT' 1242 64294
2017-04-05 16:59:53,000 STREAM b'IHDR' 16 13
2017-04-05 16:59:53,000 STREAM b'sRGB' 41 1
2017-04-05 16:59:53,000 b'sRGB' 41 1 (unknown)
2017-04-05 16:59:53,000 STREAM b'gAMA' 54 4
2017-04-05 16:59:53,000 STREAM b'pHYs' 70 9
2017-04-05 16:59:53,000 STREAM b'IDAT' 91 65445
2017-04-05 16:59:57,973 STREAM b'IHDR' 16 13
2017-04-05 16:59:57,973 STREAM b'sRGB' 41 1
2017-04-05 16:59:57,974 b'sRGB' 41 1 (unknown)
2017-04-05 16:59:57,974 STREAM b'gAMA' 54 4
2017-04-05 16:59:57,974 STREAM b'PLTE' 70 768
2017-04-05 16:59:57,974 STREAM b'tRNS' 850 256
2017-04-05 16:59:57,974 STREAM b'pHYs' 1118 9
2017-04-05 16:59:57,974 STREAM b'tEXt' 1139 35
2017-04-05 16:59:57,974 STREAM b'tIME' 1186 7
2017-04-05 16:59:57,974 b'tIME' 1186 7 (unknown)
2017-04-05 16:59:57,974 STREAM b'tEXt' 1205 25
2017-04-05 16:59:57,974 STREAM b'IDAT' 1242 64294
2017-04-05 16:59:57,997 STREAM b'IHDR' 16 13
2017-04-05 16:59:57,997 STREAM b'sRGB' 41 1
2017-04-05 16:59:57,998 b'sRGB' 41 1 (unknown)
2017-04-05 16:59:57,998 STREAM b'gAMA' 54 4
2017-04-05 16:59:57,998 STREAM b'pHYs' 70 9
2017-04-05 16:59:57,998 STREAM b'IDAT' 91 65445
2017-04-05 17:00:58,281 STREAM b'IHDR' 16 13
2017-04-05 17:00:58,281 STREAM b'sRGB' 41 1
2017-04-05 17:00:58,281 b'sRGB' 41 1 (unknown)
2017-04-05 17:00:58,281 STREAM b'gAMA' 54 4
2017-04-05 17:00:58,281 STREAM b'PLTE' 70 768
2017-04-05 17:00:58,282 STREAM b'tRNS' 850 256
2017-04-05 17:00:58,282 STREAM b'pHYs' 1118 9
2017-04-05 17:00:58,282 STREAM b'tEXt' 1139 35
2017-04-05 17:00:58,282 STREAM b'tIME' 1186 7
2017-04-05 17:00:58,282 b'tIME' 1186 7 (unknown)
2017-04-05 17:00:58,282 STREAM b'tEXt' 1205 25
2017-04-05 17:00:58,282 STREAM b'IDAT' 1242 64294
2017-04-05 17:00:58,305 STREAM b'IHDR' 16 13
2017-04-05 17:00:58,306 STREAM b'sRGB' 41 1
2017-04-05 17:00:58,306 b'sRGB' 41 1 (unknown)
2017-04-05 17:00:58,306 STREAM b'gAMA' 54 4
2017-04-05 17:00:58,306 STREAM b'pHYs' 70 9
2017-04-05 17:00:58,306 STREAM b'IDAT' 91 65445
2017-04-05 17:01:03,288 STREAM b'IHDR' 16 13
2017-04-05 17:01:03,288 STREAM b'IDAT' 41 8192
2017-04-05 17:01:03,312 STREAM b'IHDR' 16 13
2017-04-05 17:01:03,312 STREAM b'sRGB' 41 1
2017-04-05 17:01:03,313 b'sRGB' 41 1 (unknown)
2017-04-05 17:01:03,313 STREAM b'gAMA' 54 4
2017-04-05 17:01:03,313 STREAM b'PLTE' 70 768
2017-04-05 17:01:03,313 STREAM b'tRNS' 850 256
2017-04-05 17:01:03,313 STREAM b'pHYs' 1118 9
2017-04-05 17:01:03,313 STREAM b'tEXt' 1139 35
2017-04-05 17:01:03,313 STREAM b'tIME' 1186 7
2017-04-05 17:01:03,313 b'tIME' 1186 7 (unknown)
2017-04-05 17:01:03,313 STREAM b'tEXt' 1205 25
2017-04-05 17:01:03,313 STREAM b'IDAT' 1242 64294
2017-04-05 17:01:08,397 Current itr.: 0
2017-04-05 17:01:12,167 Result in 0 is: -50.0
2017-04-05 17:01:17,756 Result in 1 is: 25.0
2017-04-05 17:01:23,360 Result in 2 is: -12.0
2017-04-05 17:01:24,813 Result in 3 is: 9.0
2017-04-05 17:01:27,049 Result in 4 is: -12.0
2017-04-05 17:01:28,234 Result in 5 is: 21.0
2017-04-05 17:01:28,857 Result in 6 is: -9.0
2017-04-05 17:01:30,328 Result in 7 is: 9.0
2017-04-05 17:01:32,117 Result in 8 is: -18.0
2017-04-05 17:01:35,898 Result in 9 is: 16.0
2017-04-05 17:03:19,655 STREAM b'IHDR' 16 13
2017-04-05 17:03:19,655 STREAM b'sRGB' 41 1
2017-04-05 17:03:19,656 b'sRGB' 41 1 (unknown)
2017-04-05 17:03:19,656 STREAM b'gAMA' 54 4
2017-04-05 17:03:19,656 STREAM b'PLTE' 70 768
2017-04-05 17:03:19,656 STREAM b'tRNS' 850 256
2017-04-05 17:03:19,656 STREAM b'pHYs' 1118 9
2017-04-05 17:03:19,656 STREAM b'tEXt' 1139 35
2017-04-05 17:03:19,656 STREAM b'tIME' 1186 7
2017-04-05 17:03:19,656 b'tIME' 1186 7 (unknown)
2017-04-05 17:03:19,656 STREAM b'tEXt' 1205 25
2017-04-05 17:03:19,656 STREAM b'IDAT' 1242 64294
2017-04-05 17:03:19,678 STREAM b'IHDR' 16 13
2017-04-05 17:03:19,678 STREAM b'sRGB' 41 1
2017-04-05 17:03:19,678 b'sRGB' 41 1 (unknown)
2017-04-05 17:03:19,679 STREAM b'gAMA' 54 4
2017-04-05 17:03:19,679 STREAM b'pHYs' 70 9
2017-04-05 17:03:19,679 STREAM b'IDAT' 91 65445
2017-04-05 17:03:24,594 STREAM b'IHDR' 16 13
2017-04-05 17:03:24,595 STREAM b'sRGB' 41 1
2017-04-05 17:03:24,595 b'sRGB' 41 1 (unknown)
2017-04-05 17:03:24,595 STREAM b'gAMA' 54 4
2017-04-05 17:03:24,595 STREAM b'PLTE' 70 768
2017-04-05 17:03:24,595 STREAM b'tRNS' 850 256
2017-04-05 17:03:24,595 STREAM b'pHYs' 1118 9
2017-04-05 17:03:24,595 STREAM b'tEXt' 1139 35
2017-04-05 17:03:24,595 STREAM b'tIME' 1186 7
2017-04-05 17:03:24,595 b'tIME' 1186 7 (unknown)
2017-04-05 17:03:24,595 STREAM b'tEXt' 1205 25
2017-04-05 17:03:24,596 STREAM b'IDAT' 1242 64294
2017-04-05 17:03:24,616 STREAM b'IHDR' 16 13
2017-04-05 17:03:24,616 STREAM b'sRGB' 41 1
2017-04-05 17:03:24,616 b'sRGB' 41 1 (unknown)
2017-04-05 17:03:24,616 STREAM b'gAMA' 54 4
2017-04-05 17:03:24,616 STREAM b'pHYs' 70 9
2017-04-05 17:03:24,616 STREAM b'IDAT' 91 65445
2017-04-05 17:03:29,497 Current itr.: 0
2017-04-05 17:03:33,220 Result in 0 is: -50.0
2017-04-05 17:03:38,926 Result in 1 is: 25.0
2017-04-05 17:03:44,499 Result in 2 is: -12.0
2017-04-05 17:03:45,940 Result in 3 is: 9.0
2017-04-05 17:03:48,201 Result in 4 is: -12.0
2017-04-05 17:03:49,399 Result in 5 is: 21.0
2017-04-05 17:03:50,028 Result in 6 is: -9.0
2017-04-05 17:03:51,534 Result in 7 is: 9.0
2017-04-05 17:03:53,487 Result in 8 is: -18.0
2017-04-05 17:03:57,420 Result in 9 is: 16.0
2017-04-05 17:03:59,785 Result in 10 is: 14.0
2017-04-05 17:04:01,651 Result in 11 is: -43.0
2017-04-05 17:04:04,259 Result in 12 is: 9.0
2017-04-05 17:04:06,075 Result in 13 is: -3.0
2017-04-05 17:04:07,546 Result in 14 is: 1.0
2017-04-05 17:04:10,872 Result in 15 is: 2.0
2017-04-05 17:04:13,077 Result in 16 is: -25.0
2017-04-05 17:04:16,899 Result in 17 is: -38.0
